<?xml version="1.0" encoding="UTF-8"?>
<!-- Generated by org.testng.reporters.JUnitXMLReporter -->
<testsuite ignored="15" hostname="RFUser15" failures="0" tests="18" name="Kaaspro Website" time="94.434" errors="0" timestamp="2025-08-21T10:47:41 IST">
  <testcase classname="org.testCases.HomePage" name="homePageLoad" time="0.08"/>
  <testcase classname="org.testCases.HomePage" name="mainHeading" time="0.218"/>
  <testcase classname="org.testCases.HomePage" name="allLinksAccessibility" time="1.902"/>
  <testcase classname="org.testCases.HomePage" name="navigateHomePage" time="7.548"/>
  <testcase classname="org.testCases.ServicesPage" name="servicesPageLoad" time="4.349"/>
  <testcase classname="org.testCases.ServicesPage" name="servicesMainHeading" time="0.154"/>
  <testcase classname="org.testCases.ServicesPage" name="servicesAllLinksAccessibility" time="1.018"/>
  <testcase classname="org.testCases.ServicesPage" name="servicesPageNavigation" time="59.962"/>
  <testcase classname="org.testCases.MigrationAndModernization" name="migrationAndModernizationPageLoad" time="5.414"/>
  <testcase classname="org.testCases.MigrationAndModernization" name="migrationAndModernizationHeading" time="0.043"/>
  <testcase classname="org.testCases.MigrationAndModernization" name="migrationModernizationLinksAccessibility" time="0.588"/>
  <testcase classname="org.testCases.Careers" name="careersPageLoad" time="2.372"/>
  <testcase classname="org.testCases.Careers" name="careersHeading" time="0.098"/>
  <testcase classname="org.testCases.Careers" name="migrationModernizationLinksAccessibility" time="0.575"/>
  <testcase classname="org.testCases.Contact" name="contactPageLoad" time="2.772"/>
  <testcase classname="org.testCases.Contact" name="ContactHeading" time="0.092"/>
  <testcase classname="org.testCases.Contact" name="contactLinksAccessibility" time="0.626"/>
  <testcase classname="org.testCases.Contact" name="fillTheContactForm" time="6.439"/>
  <testcase classname="org.launch.LaunchBrowser" name="@BeforeSuite openConnection" time="0.0">
    <ignored/>
  </testcase> <!-- @BeforeSuite openConnection -->
  <testcase classname="org.launch.LaunchBrowser" name="@BeforeSuite openConnection" time="0.0">
    <ignored/>
  </testcase> <!-- @BeforeSuite openConnection -->
  <testcase classname="org.launch.LaunchBrowser" name="@BeforeSuite openConnection" time="0.0">
    <ignored/>
  </testcase> <!-- @BeforeSuite openConnection -->
  <testcase classname="org.launch.LaunchBrowser" name="@BeforeSuite openConnection" time="0.0">
    <ignored/>
  </testcase> <!-- @BeforeSuite openConnection -->
  <testcase classname="org.testCases.HomePage" name="compareHomePage" time="0.0">
    <ignored/>
  </testcase> <!-- compareHomePage -->
  <testcase classname="org.launch.LaunchBrowser" name="@AfterSuite tear_Down" time="0.0">
    <ignored/>
  </testcase> <!-- @AfterSuite tear_Down -->
  <testcase classname="org.launch.LaunchBrowser" name="@AfterSuite tear_Down" time="0.0">
    <ignored/>
  </testcase> <!-- @AfterSuite tear_Down -->
  <testcase classname="org.launch.LaunchBrowser" name="@AfterSuite tear_Down" time="0.0">
    <ignored/>
  </testcase> <!-- @AfterSuite tear_Down -->
  <testcase classname="org.launch.LaunchBrowser" name="@AfterSuite tear_Down" time="0.0">
    <ignored/>
  </testcase> <!-- @AfterSuite tear_Down -->
  <testcase classname="org.testCases.HomePage" name="verifyPageDOMStructure" time="0.0">
    <ignored/>
  </testcase> <!-- verifyPageDOMStructure -->
  <testcase classname="org.launch.LaunchBrowser" name="@BeforeTest getTheTestNmae" time="0.0">
    <ignored/>
  </testcase> <!-- @BeforeTest getTheTestNmae -->
  <testcase classname="org.launch.LaunchBrowser" name="@BeforeTest getTheTestNmae" time="0.0">
    <ignored/>
  </testcase> <!-- @BeforeTest getTheTestNmae -->
  <testcase classname="org.launch.LaunchBrowser" name="@BeforeTest getTheTestNmae" time="0.0">
    <ignored/>
  </testcase> <!-- @BeforeTest getTheTestNmae -->
  <testcase classname="org.launch.LaunchBrowser" name="@BeforeTest getTheTestNmae" time="0.0">
    <ignored/>
  </testcase> <!-- @BeforeTest getTheTestNmae -->
  <testcase classname="org.testCases.HomePage" name="verifyPageTextContent" time="0.0">
    <ignored/>
  </testcase> <!-- verifyPageTextContent -->
</testsuite> <!-- Kaaspro Website -->
