<?xml version="1.0" encoding="UTF-8"?>
<!-- Generated by org.testng.reporters.JUnitXMLReporter -->
<testsuite ignored="0" hostname="RFUser15" failures="0" tests="14" name="Default test" time="34.179" errors="0" timestamp="2025-08-21T14:09:39 IST">
  <testcase classname="org.testCases.CaseStudies" name="casestudiesload" time="13.92"/>
  <testcase classname="org.testCases.CaseStudies" name="mainHeading" time="0.154"/>
  <testcase classname="org.testCases.CaseStudies" name="allLinksAccessibility" time="0.698"/>
  <testcase classname="org.testCases.CaseStudies" name="healthcareCaseStudies" time="2.715"/>
  <testcase classname="org.testCases.CaseStudies" name="migrationCaseStudies" time="1.704"/>
  <testcase classname="org.testCases.CaseStudies" name="ubuntuUpgrade" time="1.448"/>
  <testcase classname="org.testCases.CaseStudies" name="oracleForms" time="1.879"/>
  <testcase classname="org.testCases.CaseStudies" name="scalableAndSecure" time="1.567"/>
  <testcase classname="org.testCases.CaseStudies" name="modernizingSales" time="1.398"/>
  <testcase classname="org.testCases.CaseStudies" name="legacy" time="2.134"/>
  <testcase classname="org.testCases.CaseStudies" name="oracleForm" time="1.568"/>
  <testcase classname="org.testCases.CaseStudies" name="enhancingOperations" time="1.396"/>
  <testcase classname="org.testCases.CaseStudies" name="modernizingWorkForce" time="1.329"/>
  <testcase classname="org.testCases.CaseStudies" name="runwayAnalysis" time="1.336"/>
</testsuite> <!-- Default test -->
