<?xml version="1.0" encoding="UTF-8"?>
<testng-results ignored="0" total="1" passed="1" failed="0" skipped="0">
  <reporter-output>
  </reporter-output>
  <suite started-at="2025-08-08T10:52:53 IST" name="Default suite" finished-at="2025-08-08T10:53:27 IST" duration-ms="33964">
    <groups>
    </groups>
    <test started-at="2025-08-08T10:52:53 IST" name="Default test" finished-at="2025-08-08T10:53:27 IST" duration-ms="33964">
      <class name="org.testCases.LandingPage">
        <test-method is-config="true" signature="openConnection()[pri:0, instance:org.testCases.LandingPage@1d296da]" started-at="2025-08-08T10:52:51 IST" name="openConnection" finished-at="2025-08-08T10:52:53 IST" duration-ms="2533" status="PASS">
          <reporter-output>
          </reporter-output>
        </test-method> <!-- openConnection -->
        <test-method is-config="true" signature="getTheTestNmae(org.testng.ITestContext)[pri:0, instance:org.testCases.LandingPage@1d296da]" started-at="2025-08-08T10:52:53 IST" name="getTheTestNmae" finished-at="2025-08-08T10:52:53 IST" duration-ms="16" status="PASS">
          <params>
            <param index="0">
              <value>
                <![CDATA[org.testng.TestRunner@17b387ef]]>
              </value>
            </param>
          </params>
          <reporter-output>
          </reporter-output>
        </test-method> <!-- getTheTestNmae -->
        <test-method is-config="true" signature="verifyTheName(java.lang.reflect.Method)[pri:0, instance:org.testCases.LandingPage@1d296da]" started-at="2025-08-08T10:52:53 IST" name="verifyTheName" finished-at="2025-08-08T10:52:53 IST" duration-ms="6" status="PASS">
          <params>
            <param index="0">
              <value>
                <![CDATA[public void org.testCases.LandingPage.execute() throws java.lang.InterruptedException,java.io.IOException]]>
              </value>
            </param>
          </params>
          <reporter-output>
          </reporter-output>
        </test-method> <!-- verifyTheName -->
        <test-method signature="execute()[pri:0, instance:org.testCases.LandingPage@1d296da]" started-at="2025-08-08T10:52:53 IST" name="execute" finished-at="2025-08-08T10:53:27 IST" duration-ms="33885" status="PASS">
          <reporter-output>
          </reporter-output>
        </test-method> <!-- execute -->
        <test-method is-config="true" signature="checkStatus(org.testng.ITestResult)[pri:0, instance:org.testCases.LandingPage@1d296da]" started-at="2025-08-08T10:53:27 IST" name="checkStatus" finished-at="2025-08-08T10:53:27 IST" duration-ms="7" status="PASS">
          <params>
            <param index="0">
              <value>
                <![CDATA[[TestResult name=execute status=SUCCESS method=LandingPage.execute()[pri:0, instance:org.testCases.LandingPage@1d296da] output={null}]]]>
              </value>
            </param>
          </params>
          <reporter-output>
          </reporter-output>
        </test-method> <!-- checkStatus -->
        <test-method is-config="true" signature="tear_Down()[pri:0, instance:org.testCases.LandingPage@1d296da]" started-at="2025-08-08T10:53:27 IST" name="tear_Down" finished-at="2025-08-08T10:53:29 IST" duration-ms="1567" status="PASS">
          <reporter-output>
          </reporter-output>
        </test-method> <!-- tear_Down -->
      </class> <!-- org.testCases.LandingPage -->
    </test> <!-- Default test -->
  </suite> <!-- Default suite -->
</testng-results>
